  Source.cpp
C:\Users\Sorina\Desktop\vlad ex\Proiect POO\Proiect POO\Source.cpp(574,5): error C4996: 'strcpy': This function or variable may be unsafe. Consider using strcpy_s instead. To disable deprecation, use _CRT_SECURE_NO_WARNINGS. See online help for details.
C:\Users\Sorina\Desktop\vlad ex\Proiect POO\Proiect POO\Source.cpp(576,5): error C4996: 'strcpy': This function or variable may be unsafe. Consider using strcpy_s instead. To disable deprecation, use _CRT_SECURE_NO_WARNINGS. See online help for details.
C:\Users\Sorina\Desktop\vlad ex\Proiect POO\Proiect POO\Source.cpp(585,5): error C4996: 'strcpy': This function or variable may be unsafe. Consider using strcpy_s instead. To disable deprecation, use _CRT_SECURE_NO_WARNINGS. See online help for details.
C:\Users\Sorina\Desktop\vlad ex\Proiect POO\Proiect POO\Source.cpp(587,5): error C4996: 'strcpy': This function or variable may be unsafe. Consider using strcpy_s instead. To disable deprecation, use _CRT_SECURE_NO_WARNINGS. See online help for details.
C:\Users\Sorina\Desktop\vlad ex\Proiect POO\Proiect POO\Source.cpp(599,5): error C4996: 'strcpy': This function or variable may be unsafe. Consider using strcpy_s instead. To disable deprecation, use _CRT_SECURE_NO_WARNINGS. See online help for details.
C:\Users\Sorina\Desktop\vlad ex\Proiect POO\Proiect POO\Source.cpp(607,5): error C4996: 'strcpy': This function or variable may be unsafe. Consider using strcpy_s instead. To disable deprecation, use _CRT_SECURE_NO_WARNINGS. See online help for details.
C:\Users\Sorina\Desktop\vlad ex\Proiect POO\Proiect POO\Source.cpp(679,5): error C4996: 'strcpy': This function or variable may be unsafe. Consider using strcpy_s instead. To disable deprecation, use _CRT_SECURE_NO_WARNINGS. See online help for details.
C:\Users\Sorina\Desktop\vlad ex\Proiect POO\Proiect POO\Source.cpp(687,5): error C4996: 'strcpy': This function or variable may be unsafe. Consider using strcpy_s instead. To disable deprecation, use _CRT_SECURE_NO_WARNINGS. See online help for details.
C:\Users\Sorina\Desktop\vlad ex\Proiect POO\Proiect POO\Source.cpp(890,5): error C4996: 'strcpy': This function or variable may be unsafe. Consider using strcpy_s instead. To disable deprecation, use _CRT_SECURE_NO_WARNINGS. See online help for details.
C:\Users\Sorina\Desktop\vlad ex\Proiect POO\Proiect POO\Source.cpp(892,5): error C4996: 'strcpy': This function or variable may be unsafe. Consider using strcpy_s instead. To disable deprecation, use _CRT_SECURE_NO_WARNINGS. See online help for details.
C:\Users\Sorina\Desktop\vlad ex\Proiect POO\Proiect POO\Source.cpp(898,5): error C4996: 'strcpy': This function or variable may be unsafe. Consider using strcpy_s instead. To disable deprecation, use _CRT_SECURE_NO_WARNINGS. See online help for details.
C:\Users\Sorina\Desktop\vlad ex\Proiect POO\Proiect POO\Source.cpp(900,5): error C4996: 'strcpy': This function or variable may be unsafe. Consider using strcpy_s instead. To disable deprecation, use _CRT_SECURE_NO_WARNINGS. See online help for details.
C:\Users\Sorina\Desktop\vlad ex\Proiect POO\Proiect POO\Source.cpp(908,5): error C4996: 'strcpy': This function or variable may be unsafe. Consider using strcpy_s instead. To disable deprecation, use _CRT_SECURE_NO_WARNINGS. See online help for details.
C:\Users\Sorina\Desktop\vlad ex\Proiect POO\Proiect POO\Source.cpp(910,5): error C4996: 'strcpy': This function or variable may be unsafe. Consider using strcpy_s instead. To disable deprecation, use _CRT_SECURE_NO_WARNINGS. See online help for details.
C:\Users\Sorina\Desktop\vlad ex\Proiect POO\Proiect POO\Source.cpp(922,9): error C4996: 'strcpy': This function or variable may be unsafe. Consider using strcpy_s instead. To disable deprecation, use _CRT_SECURE_NO_WARNINGS. See online help for details.
C:\Users\Sorina\Desktop\vlad ex\Proiect POO\Proiect POO\Source.cpp(929,9): error C4996: 'strcpy': This function or variable may be unsafe. Consider using strcpy_s instead. To disable deprecation, use _CRT_SECURE_NO_WARNINGS. See online help for details.
C:\Users\Sorina\Desktop\vlad ex\Proiect POO\Proiect POO\Source.cpp(947,5): error C4996: 'strcpy': This function or variable may be unsafe. Consider using strcpy_s instead. To disable deprecation, use _CRT_SECURE_NO_WARNINGS. See online help for details.
C:\Users\Sorina\Desktop\vlad ex\Proiect POO\Proiect POO\Source.cpp(955,5): error C4996: 'strcpy': This function or variable may be unsafe. Consider using strcpy_s instead. To disable deprecation, use _CRT_SECURE_NO_WARNINGS. See online help for details.
C:\Users\Sorina\Desktop\vlad ex\Proiect POO\Proiect POO\Source.cpp(1164,25): warning C4244: '-=': conversion from 'float' to 'int', possible loss of data
C:\Users\Sorina\Desktop\vlad ex\Proiect POO\Proiect POO\Source.cpp(1170,25): warning C4244: '+=': conversion from 'float' to 'int', possible loss of data
C:\Users\Sorina\Desktop\vlad ex\Proiect POO\Proiect POO\Source.cpp(1221,5): error C4996: 'strcpy': This function or variable may be unsafe. Consider using strcpy_s instead. To disable deprecation, use _CRT_SECURE_NO_WARNINGS. See online help for details.
C:\Users\Sorina\Desktop\vlad ex\Proiect POO\Proiect POO\Source.cpp(1235,5): error C4996: 'strcpy': This function or variable may be unsafe. Consider using strcpy_s instead. To disable deprecation, use _CRT_SECURE_NO_WARNINGS. See online help for details.
C:\Users\Sorina\Desktop\vlad ex\Proiect POO\Proiect POO\Source.cpp(1249,5): error C4996: 'strcpy': This function or variable may be unsafe. Consider using strcpy_s instead. To disable deprecation, use _CRT_SECURE_NO_WARNINGS. See online help for details.
C:\Users\Sorina\Desktop\vlad ex\Proiect POO\Proiect POO\Source.cpp(1260,5): error C4996: 'strcpy': This function or variable may be unsafe. Consider using strcpy_s instead. To disable deprecation, use _CRT_SECURE_NO_WARNINGS. See online help for details.
C:\Users\Sorina\Desktop\vlad ex\Proiect POO\Proiect POO\Source.cpp(1279,5): error C4996: 'strcpy': This function or variable may be unsafe. Consider using strcpy_s instead. To disable deprecation, use _CRT_SECURE_NO_WARNINGS. See online help for details.
C:\Users\Sorina\Desktop\vlad ex\Proiect POO\Proiect POO\Source.cpp(1921,5): error C4996: 'strcpy': This function or variable may be unsafe. Consider using strcpy_s instead. To disable deprecation, use _CRT_SECURE_NO_WARNINGS. See online help for details.
C:\Users\Sorina\Desktop\vlad ex\Proiect POO\Proiect POO\Source.cpp(1922,17): error C4996: 'strtok': This function or variable may be unsafe. Consider using strtok_s instead. To disable deprecation, use _CRT_SECURE_NO_WARNINGS. See online help for details.
C:\Users\Sorina\Desktop\vlad ex\Proiect POO\Proiect POO\Source.cpp(1936,15): error C4996: 'strtok': This function or variable may be unsafe. Consider using strtok_s instead. To disable deprecation, use _CRT_SECURE_NO_WARNINGS. See online help for details.
C:\Users\Sorina\Desktop\vlad ex\Proiect POO\Proiect POO\Source.cpp(1961,5): error C4996: 'strcpy': This function or variable may be unsafe. Consider using strcpy_s instead. To disable deprecation, use _CRT_SECURE_NO_WARNINGS. See online help for details.
C:\Users\Sorina\Desktop\vlad ex\Proiect POO\Proiect POO\Source.cpp(1962,17): error C4996: 'strtok': This function or variable may be unsafe. Consider using strtok_s instead. To disable deprecation, use _CRT_SECURE_NO_WARNINGS. See online help for details.
C:\Users\Sorina\Desktop\vlad ex\Proiect POO\Proiect POO\Source.cpp(1966,15): error C4996: 'strtok': This function or variable may be unsafe. Consider using strtok_s instead. To disable deprecation, use _CRT_SECURE_NO_WARNINGS. See online help for details.
C:\Users\Sorina\Desktop\vlad ex\Proiect POO\Proiect POO\Source.cpp(1976,5): error C4996: 'strcpy': This function or variable may be unsafe. Consider using strcpy_s instead. To disable deprecation, use _CRT_SECURE_NO_WARNINGS. See online help for details.
C:\Users\Sorina\Desktop\vlad ex\Proiect POO\Proiect POO\Source.cpp(1977,17): error C4996: 'strtok': This function or variable may be unsafe. Consider using strtok_s instead. To disable deprecation, use _CRT_SECURE_NO_WARNINGS. See online help for details.
C:\Users\Sorina\Desktop\vlad ex\Proiect POO\Proiect POO\Source.cpp(1981,15): error C4996: 'strtok': This function or variable may be unsafe. Consider using strtok_s instead. To disable deprecation, use _CRT_SECURE_NO_WARNINGS. See online help for details.
C:\Users\Sorina\Desktop\vlad ex\Proiect POO\Proiect POO\Source.cpp(1987,5): error C4996: 'strcpy': This function or variable may be unsafe. Consider using strcpy_s instead. To disable deprecation, use _CRT_SECURE_NO_WARNINGS. See online help for details.
C:\Users\Sorina\Desktop\vlad ex\Proiect POO\Proiect POO\Source.cpp(1992,5): error C4996: 'strcpy': This function or variable may be unsafe. Consider using strcpy_s instead. To disable deprecation, use _CRT_SECURE_NO_WARNINGS. See online help for details.
C:\Users\Sorina\Desktop\vlad ex\Proiect POO\Proiect POO\Source.cpp(2034,25): error C4996: 'strcpy': This function or variable may be unsafe. Consider using strcpy_s instead. To disable deprecation, use _CRT_SECURE_NO_WARNINGS. See online help for details.
C:\Users\Sorina\Desktop\vlad ex\Proiect POO\Proiect POO\Source.cpp(2036,25): error C4996: 'strcpy': This function or variable may be unsafe. Consider using strcpy_s instead. To disable deprecation, use _CRT_SECURE_NO_WARNINGS. See online help for details.
C:\Users\Sorina\Desktop\vlad ex\Proiect POO\Proiect POO\Source.cpp(2144,25): error C4996: 'strcpy': This function or variable may be unsafe. Consider using strcpy_s instead. To disable deprecation, use _CRT_SECURE_NO_WARNINGS. See online help for details.
C:\Users\Sorina\Desktop\vlad ex\Proiect POO\Proiect POO\Source.cpp(2149,25): error C4996: 'strcpy': This function or variable may be unsafe. Consider using strcpy_s instead. To disable deprecation, use _CRT_SECURE_NO_WARNINGS. See online help for details.
C:\Users\Sorina\Desktop\vlad ex\Proiect POO\Proiect POO\Source.cpp(2152,25): error C4996: 'strcpy': This function or variable may be unsafe. Consider using strcpy_s instead. To disable deprecation, use _CRT_SECURE_NO_WARNINGS. See online help for details.
C:\Users\Sorina\Desktop\vlad ex\Proiect POO\Proiect POO\Source.cpp(2215,36): warning C4101: 'x': unreferenced local variable
C:\Users\Sorina\Desktop\vlad ex\Proiect POO\Proiect POO\Source.cpp(2234,36): warning C4101: 'x': unreferenced local variable
C:\Users\Sorina\Desktop\vlad ex\Proiect POO\Proiect POO\Source.cpp(2258,36): warning C4101: 'x': unreferenced local variable
C:\Users\Sorina\Desktop\vlad ex\Proiect POO\Proiect POO\Source.cpp(2275,28): warning C4101: 'x': unreferenced local variable
C:\Users\Sorina\Desktop\vlad ex\Proiect POO\Proiect POO\Source.cpp(2317,36): warning C4101: 'x': unreferenced local variable
C:\Users\Sorina\Desktop\vlad ex\Proiect POO\Proiect POO\Source.cpp(2336,36): warning C4101: 'x': unreferenced local variable
C:\Users\Sorina\Desktop\vlad ex\Proiect POO\Proiect POO\Source.cpp(2360,36): warning C4101: 'x': unreferenced local variable
C:\Users\Sorina\Desktop\vlad ex\Proiect POO\Proiect POO\Source.cpp(2384,36): warning C4101: 'x': unreferenced local variable
C:\Users\Sorina\Desktop\vlad ex\Proiect POO\Proiect POO\Source.cpp(2408,36): warning C4101: 'x': unreferenced local variable
C:\Users\Sorina\Desktop\vlad ex\Proiect POO\Proiect POO\Source.cpp(2429,36): warning C4101: 'x': unreferenced local variable
C:\Users\Sorina\Desktop\vlad ex\Proiect POO\Proiect POO\Source.cpp(2445,28): warning C4101: 'x': unreferenced local variable
C:\Users\Sorina\Desktop\vlad ex\Proiect POO\Proiect POO\Source.cpp(2520,28): warning C4101: 'x': unreferenced local variable
C:\Users\Sorina\Desktop\vlad ex\Proiect POO\Proiect POO\Source.cpp(2541,27): warning C4018: '<': signed/unsigned mismatch
C:\Users\Sorina\Desktop\vlad ex\Proiect POO\Proiect POO\Source.cpp(2546,40): warning C4018: '>': signed/unsigned mismatch
